Analysis & Synthesis report for src
Wed Nov 18 16:01:53 2020
Quartus Prime Version 18.1.0 Build 625 09/12/2018 SJ Standard Edition


---------------------
; Table of Contents ;
---------------------
  1. Legal Notice
  2. Analysis & Synthesis Summary
  3. Analysis & Synthesis Settings
  4. Parallel Compilation
  5. Analysis & Synthesis Source Files Read
  6. Analysis & Synthesis Resource Usage Summary
  7. Analysis & Synthesis Resource Utilization by Entity
  8. Registers Removed During Synthesis
  9. General Register Statistics
 10. Parameter Settings for User Entity Instance: CPU:cpu|ROM:rom
 11. Port Connectivity Checks: "CPU:cpu|OP:myopprio"
 12. Port Connectivity Checks: "CPU:cpu|ROM:rom"
 13. Port Connectivity Checks: "counter32:myclocks"
 14. Post-Synthesis Netlist Statistics for Top Partition
 15. Elapsed Time Per Partition
 16. Analysis & Synthesis Messages
 17. Analysis & Synthesis Suppressed Messages



----------------
; Legal Notice ;
----------------
Copyright (C) 2018  Intel Corporation. All rights reserved.
Your use of Intel Corporation's design tools, logic functions 
and other software and tools, and its AMPP partner logic 
functions, and any output files from any of the foregoing 
(including device programming or simulation files), and any 
associated documentation or information are expressly subject 
to the terms and conditions of the Intel Program License 
Subscription Agreement, the Intel Quartus Prime License Agreement,
the Intel FPGA IP License Agreement, or other applicable license
agreement, including, without limitation, that your use is for
the sole purpose of programming logic devices manufactured by
Intel and sold by Intel or its authorized distributors.  Please
refer to the applicable agreement for further details.



+-----------------------------------------------------------------------------------+
; Analysis & Synthesis Summary                                                      ;
+---------------------------------+-------------------------------------------------+
; Analysis & Synthesis Status     ; Successful - Wed Nov 18 16:01:53 2020           ;
; Quartus Prime Version           ; 18.1.0 Build 625 09/12/2018 SJ Standard Edition ;
; Revision Name                   ; src                                             ;
; Top-level Entity Name           ; src                                             ;
; Family                          ; Cyclone V                                       ;
; Logic utilization (in ALMs)     ; N/A                                             ;
; Total registers                 ; 27                                              ;
; Total pins                      ; 61                                              ;
; Total virtual pins              ; 0                                               ;
; Total block memory bits         ; 0                                               ;
; Total DSP Blocks                ; 0                                               ;
; Total HSSI RX PCSs              ; 0                                               ;
; Total HSSI PMA RX Deserializers ; 0                                               ;
; Total HSSI TX PCSs              ; 0                                               ;
; Total HSSI PMA TX Serializers   ; 0                                               ;
; Total PLLs                      ; 0                                               ;
; Total DLLs                      ; 0                                               ;
+---------------------------------+-------------------------------------------------+


+---------------------------------------------------------------------------------------------------------------------------+
; Analysis & Synthesis Settings                                                                                             ;
+---------------------------------------------------------------------------------+--------------------+--------------------+
; Option                                                                          ; Setting            ; Default Value      ;
+---------------------------------------------------------------------------------+--------------------+--------------------+
; Device                                                                          ; 5CGXFC5C6F27C7     ;                    ;
; Top-level entity name                                                           ; src                ; src                ;
; Family name                                                                     ; Cyclone V          ; Cyclone V          ;
; Use smart compilation                                                           ; Off                ; Off                ;
; Enable parallel Assembler and Timing Analyzer during compilation                ; On                 ; On                 ;
; Enable compact report table                                                     ; Off                ; Off                ;
; Restructure Multiplexers                                                        ; Auto               ; Auto               ;
; MLAB Add Timing Constraints For Mixed-Port Feed-Through Mode Setting Don't Care ; Off                ; Off                ;
; Create Debugging Nodes for IP Cores                                             ; Off                ; Off                ;
; Preserve fewer node names                                                       ; On                 ; On                 ;
; Intel FPGA IP Evaluation Mode                                                   ; Enable             ; Enable             ;
; Verilog Version                                                                 ; Verilog_2001       ; Verilog_2001       ;
; VHDL Version                                                                    ; VHDL_1993          ; VHDL_1993          ;
; State Machine Processing                                                        ; Auto               ; Auto               ;
; Safe State Machine                                                              ; Off                ; Off                ;
; Extract Verilog State Machines                                                  ; On                 ; On                 ;
; Extract VHDL State Machines                                                     ; On                 ; On                 ;
; Ignore Verilog initial constructs                                               ; Off                ; Off                ;
; Iteration limit for constant Verilog loops                                      ; 5000               ; 5000               ;
; Iteration limit for non-constant Verilog loops                                  ; 250                ; 250                ;
; Add Pass-Through Logic to Inferred RAMs                                         ; On                 ; On                 ;
; Infer RAMs from Raw Logic                                                       ; On                 ; On                 ;
; Parallel Synthesis                                                              ; On                 ; On                 ;
; DSP Block Balancing                                                             ; Auto               ; Auto               ;
; NOT Gate Push-Back                                                              ; On                 ; On                 ;
; Power-Up Don't Care                                                             ; On                 ; On                 ;
; Remove Redundant Logic Cells                                                    ; Off                ; Off                ;
; Remove Duplicate Registers                                                      ; On                 ; On                 ;
; Ignore CARRY Buffers                                                            ; Off                ; Off                ;
; Ignore CASCADE Buffers                                                          ; Off                ; Off                ;
; Ignore GLOBAL Buffers                                                           ; Off                ; Off                ;
; Ignore ROW GLOBAL Buffers                                                       ; Off                ; Off                ;
; Ignore LCELL Buffers                                                            ; Off                ; Off                ;
; Ignore SOFT Buffers                                                             ; On                 ; On                 ;
; Limit AHDL Integers to 32 Bits                                                  ; Off                ; Off                ;
; Optimization Technique                                                          ; Balanced           ; Balanced           ;
; Carry Chain Length                                                              ; 70                 ; 70                 ;
; Auto Carry Chains                                                               ; On                 ; On                 ;
; Auto Open-Drain Pins                                                            ; On                 ; On                 ;
; Perform WYSIWYG Primitive Resynthesis                                           ; Off                ; Off                ;
; Auto ROM Replacement                                                            ; On                 ; On                 ;
; Auto RAM Replacement                                                            ; On                 ; On                 ;
; Auto DSP Block Replacement                                                      ; On                 ; On                 ;
; Auto Shift Register Replacement                                                 ; Auto               ; Auto               ;
; Allow Shift Register Merging across Hierarchies                                 ; Auto               ; Auto               ;
; Auto Clock Enable Replacement                                                   ; On                 ; On                 ;
; Strict RAM Replacement                                                          ; Off                ; Off                ;
; Allow Synchronous Control Signals                                               ; On                 ; On                 ;
; Force Use of Synchronous Clear Signals                                          ; Off                ; Off                ;
; Auto Resource Sharing                                                           ; Off                ; Off                ;
; Allow Any RAM Size For Recognition                                              ; Off                ; Off                ;
; Allow Any ROM Size For Recognition                                              ; Off                ; Off                ;
; Allow Any Shift Register Size For Recognition                                   ; Off                ; Off                ;
; Use LogicLock Constraints during Resource Balancing                             ; On                 ; On                 ;
; Ignore translate_off and synthesis_off directives                               ; Off                ; Off                ;
; Timing-Driven Synthesis                                                         ; On                 ; On                 ;
; Report Parameter Settings                                                       ; On                 ; On                 ;
; Report Source Assignments                                                       ; On                 ; On                 ;
; Report Connectivity Checks                                                      ; On                 ; On                 ;
; Ignore Maximum Fan-Out Assignments                                              ; Off                ; Off                ;
; Synchronization Register Chain Length                                           ; 3                  ; 3                  ;
; Power Optimization During Synthesis                                             ; Normal compilation ; Normal compilation ;
; HDL message level                                                               ; Level2             ; Level2             ;
; Suppress Register Optimization Related Messages                                 ; Off                ; Off                ;
; Number of Removed Registers Reported in Synthesis Report                        ; 5000               ; 5000               ;
; Number of Swept Nodes Reported in Synthesis Report                              ; 5000               ; 5000               ;
; Number of Inverted Registers Reported in Synthesis Report                       ; 100                ; 100                ;
; Clock MUX Protection                                                            ; On                 ; On                 ;
; Auto Gated Clock Conversion                                                     ; Off                ; Off                ;
; Block Design Naming                                                             ; Auto               ; Auto               ;
; SDC constraint protection                                                       ; Off                ; Off                ;
; Synthesis Effort                                                                ; Auto               ; Auto               ;
; Shift Register Replacement - Allow Asynchronous Clear Signal                    ; On                 ; On                 ;
; Pre-Mapping Resynthesis Optimization                                            ; Off                ; Off                ;
; Analysis & Synthesis Message Level                                              ; Medium             ; Medium             ;
; Disable Register Merging Across Hierarchies                                     ; Auto               ; Auto               ;
; Resource Aware Inference For Block RAM                                          ; On                 ; On                 ;
; Automatic Parallel Synthesis                                                    ; On                 ; On                 ;
; Partial Reconfiguration Bitstream ID                                            ; Off                ; Off                ;
+---------------------------------------------------------------------------------+--------------------+--------------------+


+------------------------------------------+
; Parallel Compilation                     ;
+----------------------------+-------------+
; Processors                 ; Number      ;
+----------------------------+-------------+
; Number detected on machine ; 12          ;
; Maximum allowed            ; 6           ;
;                            ;             ;
; Average used               ; 1.00        ;
; Maximum used               ; 6           ;
;                            ;             ;
; Usage by Processor         ; % Time Used ;
;     Processor 1            ; 100.0%      ;
;     Processors 2-6         ;   0.0%      ;
+----------------------------+-------------+


+--------------------------------------------------------------------------------------------------------------------------------------------------+
; Analysis & Synthesis Source Files Read                                                                                                           ;
+----------------------------------+-----------------+------------------------------+----------------------------------------------------+---------+
; File Name with User-Entered Path ; Used in Netlist ; File Type                    ; File Name with Absolute Path                       ; Library ;
+----------------------------------+-----------------+------------------------------+----------------------------------------------------+---------+
; src.sv                           ; yes             ; User SystemVerilog HDL File  ; U:/ELEC4720/simple-microprocessor/src.sv           ;         ;
; instructions.txt                 ; yes             ; Auto-Found File              ; U:/ELEC4720/simple-microprocessor/instructions.txt ;         ;
+----------------------------------+-----------------+------------------------------+----------------------------------------------------+---------+


+--------------------------------------------------------------+
; Analysis & Synthesis Resource Usage Summary                  ;
+---------------------------------------------+----------------+
; Resource                                    ; Usage          ;
+---------------------------------------------+----------------+
; Estimate of Logic utilization (ALMs needed) ; 14             ;
;                                             ;                ;
; Combinational ALUT usage for logic          ; 27             ;
;     -- 7 input functions                    ; 0              ;
;     -- 6 input functions                    ; 0              ;
;     -- 5 input functions                    ; 0              ;
;     -- 4 input functions                    ; 0              ;
;     -- <=3 input functions                  ; 27             ;
;                                             ;                ;
; Dedicated logic registers                   ; 27             ;
;                                             ;                ;
; I/O pins                                    ; 61             ;
;                                             ;                ;
; Total DSP Blocks                            ; 0              ;
;                                             ;                ;
; Maximum fan-out node                        ; CLOCK_50~input ;
; Maximum fan-out                             ; 26             ;
; Total fan-out                               ; 172            ;
; Average fan-out                             ; 0.98           ;
+---------------------------------------------+----------------+


+--------------------------------------------------------------------------------------------------------------------------------------------------------------------------------------------+
; Analysis & Synthesis Resource Utilization by Entity                                                                                                                                        ;
+----------------------------+---------------------+---------------------------+-------------------+------------+------+--------------+-------------------------+-------------+--------------+
; Compilation Hierarchy Node ; Combinational ALUTs ; Dedicated Logic Registers ; Block Memory Bits ; DSP Blocks ; Pins ; Virtual Pins ; Full Hierarchy Name     ; Entity Name ; Library Name ;
+----------------------------+---------------------+---------------------------+-------------------+------------+------+--------------+-------------------------+-------------+--------------+
; |src                       ; 27 (0)              ; 27 (0)                    ; 0                 ; 0          ; 61   ; 0            ; |src                    ; src         ; work         ;
;    |CPU:cpu|               ; 1 (1)               ; 1 (1)                     ; 0                 ; 0          ; 0    ; 0            ; |src|CPU:cpu            ; CPU         ; work         ;
;    |counter32:myclocks|    ; 26 (26)             ; 26 (26)                   ; 0                 ; 0          ; 0    ; 0            ; |src|counter32:myclocks ; counter32   ; work         ;
+----------------------------+---------------------+---------------------------+-------------------+------------+------+--------------+-------------------------+-------------+--------------+
Note: For table entries with two numbers listed, the numbers in parentheses indicate the number of resources of the given type used by the specific entity alone. The numbers listed outside of parentheses indicate the total resources of the given type used by the specific entity and all of its sub-entities in the hierarchy.


+--------------------------------------------------------------------------------+
; Registers Removed During Synthesis                                             ;
+---------------------------------------+----------------------------------------+
; Register name                         ; Reason for Removal                     ;
+---------------------------------------+----------------------------------------+
; CPU:cpu|pc[1,2]                       ; Stuck at GND due to stuck port data_in ;
; counter32:myclocks|q[26..31]          ; Lost fanout                            ;
; Total Number of Removed Registers = 8 ;                                        ;
+---------------------------------------+----------------------------------------+


+------------------------------------------------------+
; General Register Statistics                          ;
+----------------------------------------------+-------+
; Statistic                                    ; Value ;
+----------------------------------------------+-------+
; Total registers                              ; 27    ;
; Number of registers using Synchronous Clear  ; 0     ;
; Number of registers using Synchronous Load   ; 0     ;
; Number of registers using Asynchronous Clear ; 0     ;
; Number of registers using Asynchronous Load  ; 0     ;
; Number of registers using Clock Enable       ; 0     ;
; Number of registers using Preset             ; 0     ;
+----------------------------------------------+-------+


+--------------------------------------------------------------+
; Parameter Settings for User Entity Instance: CPU:cpu|ROM:rom ;
+----------------+-------+-------------------------------------+
; Parameter Name ; Value ; Type                                ;
+----------------+-------+-------------------------------------+
; m              ; 16    ; Signed Integer                      ;
; w              ; 18    ; Signed Integer                      ;
+----------------+-------+-------------------------------------+
Note: In order to hide this table in the UI and the text report file, please set the "Show Parameter Settings in Synthesis Report" option in "Analysis and Synthesis Settings -> More Settings" to "Off".


+------------------------------------------------------------------------------------------------------------------------------------------------------------------------------+
; Port Connectivity Checks: "CPU:cpu|OP:myopprio"                                                                                                                              ;
+---------+--------+----------+------------------------------------------------------------------------------------------------------------------------------------------------+
; Port    ; Type   ; Severity ; Details                                                                                                                                        ;
+---------+--------+----------+------------------------------------------------------------------------------------------------------------------------------------------------+
; opcode  ; Input  ; Warning  ; Input port expression (1 bits) is smaller than the input port (5 bits) it drives.  Extra input bit(s) "opcode[4..1]" will be connected to GND. ;
; rtype   ; Output ; Info     ; Connected to dangling logic. Logic that only feeds a dangling port will be removed.                                                            ;
; branch1 ; Output ; Info     ; Connected to dangling logic. Logic that only feeds a dangling port will be removed.                                                            ;
; jump    ; Output ; Info     ; Connected to dangling logic. Logic that only feeds a dangling port will be removed.                                                            ;
; branch2 ; Output ; Info     ; Connected to dangling logic. Logic that only feeds a dangling port will be removed.                                                            ;
; itype   ; Output ; Info     ; Connected to dangling logic. Logic that only feeds a dangling port will be removed.                                                            ;
; mem     ; Output ; Info     ; Connected to dangling logic. Logic that only feeds a dangling port will be removed.                                                            ;
+---------+--------+----------+------------------------------------------------------------------------------------------------------------------------------------------------+


+---------------------------------------------------------------------------------------------------------------------------------------------------------------------------------+
; Port Connectivity Checks: "CPU:cpu|ROM:rom"                                                                                                                                     ;
+--------------+--------+----------+----------------------------------------------------------------------------------------------------------------------------------------------+
; Port         ; Type   ; Severity ; Details                                                                                                                                      ;
+--------------+--------+----------+----------------------------------------------------------------------------------------------------------------------------------------------+
; Ad           ; Input  ; Warning  ; Input port expression (3 bits) is smaller than the input port (16 bits) it drives.  Extra input bit(s) "Ad[15..3]" will be connected to GND. ;
; Dout[17..16] ; Output ; Info     ; Connected to dangling logic. Logic that only feeds a dangling port will be removed.                                                          ;
+--------------+--------+----------+----------------------------------------------------------------------------------------------------------------------------------------------+


+---------------------------------------------------------------------------------------------------------------------+
; Port Connectivity Checks: "counter32:myclocks"                                                                      ;
+-----------+--------+----------+-------------------------------------------------------------------------------------+
; Port      ; Type   ; Severity ; Details                                                                             ;
+-----------+--------+----------+-------------------------------------------------------------------------------------+
; q[31..26] ; Output ; Info     ; Connected to dangling logic. Logic that only feeds a dangling port will be removed. ;
; q[24..0]  ; Output ; Info     ; Connected to dangling logic. Logic that only feeds a dangling port will be removed. ;
+-----------+--------+----------+-------------------------------------------------------------------------------------+


+-----------------------------------------------------+
; Post-Synthesis Netlist Statistics for Top Partition ;
+-----------------------+-----------------------------+
; Type                  ; Count                       ;
+-----------------------+-----------------------------+
; arriav_ff             ; 27                          ;
;     plain             ; 27                          ;
; arriav_lcell_comb     ; 30                          ;
;     arith             ; 25                          ;
;         1 data inputs ; 24                          ;
;         2 data inputs ; 1                           ;
;     normal            ; 5                           ;
;         0 data inputs ; 2                           ;
;         1 data inputs ; 3                           ;
; boundary_port         ; 61                          ;
;                       ;                             ;
; Max LUT depth         ; 3.40                        ;
; Average LUT depth     ; 2.43                        ;
+-----------------------+-----------------------------+


+-------------------------------+
; Elapsed Time Per Partition    ;
+----------------+--------------+
; Partition Name ; Elapsed Time ;
+----------------+--------------+
; Top            ; 00:00:01     ;
+----------------+--------------+


+-------------------------------+
; Analysis & Synthesis Messages ;
+-------------------------------+
Info: *******************************************************************
Info: Running Quartus Prime Analysis & Synthesis
    Info: Version 18.1.0 Build 625 09/12/2018 SJ Standard Edition
    Info: Processing started: Wed Nov 18 16:00:30 2020
Info: Command: quartus_map --read_settings_files=on --write_settings_files=off src -c src
Warning (18236): Number of processors has not been specified which may cause overloading on shared machines.  Set the global assignment NUM_PARALLEL_PROCESSORS in your QSF to an appropriate value for best performance.
Info (20030): Parallel compilation is enabled and will use 6 of the 6 processors detected
Info (12021): Found 12 design units, including 12 entities, in source file src.sv
    Info (12023): Found entity 1: src File: U:/ELEC4720/simple-microprocessor/src.sv Line: 1
    Info (12023): Found entity 2: CPU File: U:/ELEC4720/simple-microprocessor/src.sv Line: 21
    Info (12023): Found entity 3: ROM File: U:/ELEC4720/simple-microprocessor/src.sv Line: 59
    Info (12023): Found entity 4: counter32 File: U:/ELEC4720/simple-microprocessor/src.sv Line: 73
    Info (12023): Found entity 5: regfile File: U:/ELEC4720/simple-microprocessor/src.sv Line: 83
    Info (12023): Found entity 6: OP File: U:/ELEC4720/simple-microprocessor/src.sv Line: 106
    Info (12023): Found entity 7: EnabledReg File: U:/ELEC4720/simple-microprocessor/src.sv Line: 120
    Info (12023): Found entity 8: parameterized_decoder File: U:/ELEC4720/simple-microprocessor/src.sv Line: 131
    Info (12023): Found entity 9: SSD File: U:/ELEC4720/simple-microprocessor/src.sv Line: 143
    Info (12023): Found entity 10: mux4to1 File: U:/ELEC4720/simple-microprocessor/src.sv Line: 200
    Info (12023): Found entity 11: mux2to1 File: U:/ELEC4720/simple-microprocessor/src.sv Line: 214
    Info (12023): Found entity 12: addsub File: U:/ELEC4720/simple-microprocessor/src.sv Line: 224
Warning (12019): Can't analyze file -- file main.sv is missing
Warning (10236): Verilog HDL Implicit Net warning at src.sv(36): created implicit net for "pc_carry" File: U:/ELEC4720/simple-microprocessor/src.sv Line: 36
Warning (10236): Verilog HDL Implicit Net warning at src.sv(36): created implicit net for "pc_plus_one" File: U:/ELEC4720/simple-microprocessor/src.sv Line: 36
Warning (10236): Verilog HDL Implicit Net warning at src.sv(42): created implicit net for "rd" File: U:/ELEC4720/simple-microprocessor/src.sv Line: 42
Warning (10236): Verilog HDL Implicit Net warning at src.sv(43): created implicit net for "rt" File: U:/ELEC4720/simple-microprocessor/src.sv Line: 43
Warning (10236): Verilog HDL Implicit Net warning at src.sv(44): created implicit net for "rs" File: U:/ELEC4720/simple-microprocessor/src.sv Line: 44
Warning (10236): Verilog HDL Implicit Net warning at src.sv(45): created implicit net for "op" File: U:/ELEC4720/simple-microprocessor/src.sv Line: 45
Warning (10222): Verilog HDL Parameter Declaration warning at src.sv(136): Parameter Declaration in module "parameterized_decoder" behaves as a Local Parameter Declaration because the module has a Module Parameter Port List File: U:/ELEC4720/simple-microprocessor/src.sv Line: 136
Info (12127): Elaborating entity "src" for the top level hierarchy
Warning (10034): Output port "LEDR" at src.sv(5) has no driver File: U:/ELEC4720/simple-microprocessor/src.sv Line: 5
Warning (10034): Output port "LEDG" at src.sv(6) has no driver File: U:/ELEC4720/simple-microprocessor/src.sv Line: 6
Info (12128): Elaborating entity "counter32" for hierarchy "counter32:myclocks" File: U:/ELEC4720/simple-microprocessor/src.sv Line: 13
Info (12128): Elaborating entity "CPU" for hierarchy "CPU:cpu" File: U:/ELEC4720/simple-microprocessor/src.sv Line: 17
Warning (10036): Verilog HDL or VHDL warning at src.sv(36): object "pc_carry" assigned a value but never read File: U:/ELEC4720/simple-microprocessor/src.sv Line: 36
Warning (10036): Verilog HDL or VHDL warning at src.sv(42): object "rd" assigned a value but never read File: U:/ELEC4720/simple-microprocessor/src.sv Line: 42
Warning (10036): Verilog HDL or VHDL warning at src.sv(43): object "rt" assigned a value but never read File: U:/ELEC4720/simple-microprocessor/src.sv Line: 43
Warning (10036): Verilog HDL or VHDL warning at src.sv(44): object "rs" assigned a value but never read File: U:/ELEC4720/simple-microprocessor/src.sv Line: 44
Warning (10230): Verilog HDL assignment warning at src.sv(36): truncated value with size 32 to match size of target (2) File: U:/ELEC4720/simple-microprocessor/src.sv Line: 36
Warning (10230): Verilog HDL assignment warning at src.sv(42): truncated value with size 4 to match size of target (1) File: U:/ELEC4720/simple-microprocessor/src.sv Line: 42
Warning (10230): Verilog HDL assignment warning at src.sv(43): truncated value with size 4 to match size of target (1) File: U:/ELEC4720/simple-microprocessor/src.sv Line: 43
Warning (10230): Verilog HDL assignment warning at src.sv(44): truncated value with size 4 to match size of target (1) File: U:/ELEC4720/simple-microprocessor/src.sv Line: 44
Warning (10230): Verilog HDL assignment warning at src.sv(45): truncated value with size 6 to match size of target (1) File: U:/ELEC4720/simple-microprocessor/src.sv Line: 45
Info (12128): Elaborating entity "ROM" for hierarchy "CPU:cpu|ROM:rom" File: U:/ELEC4720/simple-microprocessor/src.sv Line: 35
Warning (10850): Verilog HDL warning at src.sv(68): number of words (24) in memory file does not match the number of elements in the address range [0:65535] File: U:/ELEC4720/simple-microprocessor/src.sv Line: 68
Warning (10030): Net "mem.data_a" at src.sv(64) has no driver or initial value, using a default initial value '0' File: U:/ELEC4720/simple-microprocessor/src.sv Line: 64
Warning (10030): Net "mem.waddr_a" at src.sv(64) has no driver or initial value, using a default initial value '0' File: U:/ELEC4720/simple-microprocessor/src.sv Line: 64
Warning (10030): Net "mem.we_a" at src.sv(64) has no driver or initial value, using a default initial value '0' File: U:/ELEC4720/simple-microprocessor/src.sv Line: 64
Info (12128): Elaborating entity "SSD" for hierarchy "CPU:cpu|SSD:inst0" File: U:/ELEC4720/simple-microprocessor/src.sv Line: 37
Info (12128): Elaborating entity "OP" for hierarchy "CPU:cpu|OP:myopprio" File: U:/ELEC4720/simple-microprocessor/src.sv Line: 46
Warning (127007): Memory Initialization File or Hexadecimal (Intel-Format) File "U:/ELEC4720/simple-microprocessor/db/src.ram0_ROM_53a6a87d.hdl.mif" contains "don't care" values -- overwriting them with 0s
Warning (12241): 2 hierarchies have connectivity warnings - see the Connectivity Checks report folder
Warning (13024): Output pins are stuck at VCC or GND
    Warning (13410): Pin "LEDR[0]" is stuck at GND File: U:/ELEC4720/simple-microprocessor/src.sv Line: 5
    Warning (13410): Pin "LEDR[1]" is stuck at GND File: U:/ELEC4720/simple-microprocessor/src.sv Line: 5
    Warning (13410): Pin "LEDR[2]" is stuck at GND File: U:/ELEC4720/simple-microprocessor/src.sv Line: 5
    Warning (13410): Pin "LEDR[3]" is stuck at GND File: U:/ELEC4720/simple-microprocessor/src.sv Line: 5
    Warning (13410): Pin "LEDR[4]" is stuck at GND File: U:/ELEC4720/simple-microprocessor/src.sv Line: 5
    Warning (13410): Pin "LEDR[5]" is stuck at GND File: U:/ELEC4720/simple-microprocessor/src.sv Line: 5
    Warning (13410): Pin "LEDR[6]" is stuck at GND File: U:/ELEC4720/simple-microprocessor/src.sv Line: 5
    Warning (13410): Pin "LEDR[7]" is stuck at GND File: U:/ELEC4720/simple-microprocessor/src.sv Line: 5
    Warning (13410): Pin "LEDR[8]" is stuck at GND File: U:/ELEC4720/simple-microprocessor/src.sv Line: 5
    Warning (13410): Pin "LEDR[9]" is stuck at GND File: U:/ELEC4720/simple-microprocessor/src.sv Line: 5
    Warning (13410): Pin "LEDG[0]" is stuck at GND File: U:/ELEC4720/simple-microprocessor/src.sv Line: 6
    Warning (13410): Pin "LEDG[1]" is stuck at GND File: U:/ELEC4720/simple-microprocessor/src.sv Line: 6
    Warning (13410): Pin "LEDG[2]" is stuck at GND File: U:/ELEC4720/simple-microprocessor/src.sv Line: 6
    Warning (13410): Pin "LEDG[3]" is stuck at GND File: U:/ELEC4720/simple-microprocessor/src.sv Line: 6
    Warning (13410): Pin "LEDG[4]" is stuck at GND File: U:/ELEC4720/simple-microprocessor/src.sv Line: 6
    Warning (13410): Pin "LEDG[5]" is stuck at GND File: U:/ELEC4720/simple-microprocessor/src.sv Line: 6
    Warning (13410): Pin "LEDG[6]" is stuck at GND File: U:/ELEC4720/simple-microprocessor/src.sv Line: 6
    Warning (13410): Pin "LEDG[7]" is stuck at GND File: U:/ELEC4720/simple-microprocessor/src.sv Line: 6
    Warning (13410): Pin "HEX0[0]" is stuck at GND File: U:/ELEC4720/simple-microprocessor/src.sv Line: 7
    Warning (13410): Pin "HEX0[3]" is stuck at GND File: U:/ELEC4720/simple-microprocessor/src.sv Line: 7
    Warning (13410): Pin "HEX1[0]" is stuck at GND File: U:/ELEC4720/simple-microprocessor/src.sv Line: 7
    Warning (13410): Pin "HEX1[1]" is stuck at GND File: U:/ELEC4720/simple-microprocessor/src.sv Line: 7
    Warning (13410): Pin "HEX1[2]" is stuck at GND File: U:/ELEC4720/simple-microprocessor/src.sv Line: 7
    Warning (13410): Pin "HEX1[3]" is stuck at GND File: U:/ELEC4720/simple-microprocessor/src.sv Line: 7
    Warning (13410): Pin "HEX1[4]" is stuck at GND File: U:/ELEC4720/simple-microprocessor/src.sv Line: 7
    Warning (13410): Pin "HEX1[5]" is stuck at GND File: U:/ELEC4720/simple-microprocessor/src.sv Line: 7
    Warning (13410): Pin "HEX1[6]" is stuck at VCC File: U:/ELEC4720/simple-microprocessor/src.sv Line: 7
    Warning (13410): Pin "HEX2[0]" is stuck at GND File: U:/ELEC4720/simple-microprocessor/src.sv Line: 7
    Warning (13410): Pin "HEX2[1]" is stuck at GND File: U:/ELEC4720/simple-microprocessor/src.sv Line: 7
    Warning (13410): Pin "HEX2[2]" is stuck at GND File: U:/ELEC4720/simple-microprocessor/src.sv Line: 7
    Warning (13410): Pin "HEX2[3]" is stuck at GND File: U:/ELEC4720/simple-microprocessor/src.sv Line: 7
    Warning (13410): Pin "HEX2[4]" is stuck at GND File: U:/ELEC4720/simple-microprocessor/src.sv Line: 7
    Warning (13410): Pin "HEX2[5]" is stuck at GND File: U:/ELEC4720/simple-microprocessor/src.sv Line: 7
    Warning (13410): Pin "HEX2[6]" is stuck at VCC File: U:/ELEC4720/simple-microprocessor/src.sv Line: 7
    Warning (13410): Pin "HEX3[0]" is stuck at GND File: U:/ELEC4720/simple-microprocessor/src.sv Line: 8
    Warning (13410): Pin "HEX3[1]" is stuck at VCC File: U:/ELEC4720/simple-microprocessor/src.sv Line: 8
    Warning (13410): Pin "HEX3[2]" is stuck at VCC File: U:/ELEC4720/simple-microprocessor/src.sv Line: 8
    Warning (13410): Pin "HEX3[3]" is stuck at VCC File: U:/ELEC4720/simple-microprocessor/src.sv Line: 8
    Warning (13410): Pin "HEX3[4]" is stuck at GND File: U:/ELEC4720/simple-microprocessor/src.sv Line: 8
    Warning (13410): Pin "HEX3[5]" is stuck at GND File: U:/ELEC4720/simple-microprocessor/src.sv Line: 8
    Warning (13410): Pin "HEX3[6]" is stuck at GND File: U:/ELEC4720/simple-microprocessor/src.sv Line: 8
Info (286030): Timing-Driven Synthesis is running
Info (17049): 6 registers lost all their fanouts during netlist optimizations.
Info (144001): Generated suppressed messages file U:/ELEC4720/simple-microprocessor/output_files/src.map.smsg
Info (16010): Generating hard_block partition "hard_block:auto_generated_inst"
    Info (16011): Adding 0 node(s), including 0 DDIO, 0 PLL, 0 transceiver and 0 LCELL
Warning (21074): Design contains 14 input pin(s) that do not drive logic
    Warning (15610): No output dependent on input pin "SW[0]" File: U:/ELEC4720/simple-microprocessor/src.sv Line: 2
    Warning (15610): No output dependent on input pin "SW[1]" File: U:/ELEC4720/simple-microprocessor/src.sv Line: 2
    Warning (15610): No output dependent on input pin "SW[2]" File: U:/ELEC4720/simple-microprocessor/src.sv Line: 2
    Warning (15610): No output dependent on input pin "SW[3]" File: U:/ELEC4720/simple-microprocessor/src.sv Line: 2
    Warning (15610): No output dependent on input pin "SW[4]" File: U:/ELEC4720/simple-microprocessor/src.sv Line: 2
    Warning (15610): No output dependent on input pin "SW[5]" File: U:/ELEC4720/simple-microprocessor/src.sv Line: 2
    Warning (15610): No output dependent on input pin "SW[6]" File: U:/ELEC4720/simple-microprocessor/src.sv Line: 2
    Warning (15610): No output dependent on input pin "SW[7]" File: U:/ELEC4720/simple-microprocessor/src.sv Line: 2
    Warning (15610): No output dependent on input pin "SW[8]" File: U:/ELEC4720/simple-microprocessor/src.sv Line: 2
    Warning (15610): No output dependent on input pin "SW[9]" File: U:/ELEC4720/simple-microprocessor/src.sv Line: 2
    Warning (15610): No output dependent on input pin "KEY[0]" File: U:/ELEC4720/simple-microprocessor/src.sv Line: 3
    Warning (15610): No output dependent on input pin "KEY[1]" File: U:/ELEC4720/simple-microprocessor/src.sv Line: 3
    Warning (15610): No output dependent on input pin "KEY[2]" File: U:/ELEC4720/simple-microprocessor/src.sv Line: 3
    Warning (15610): No output dependent on input pin "KEY[3]" File: U:/ELEC4720/simple-microprocessor/src.sv Line: 3
Info (21057): Implemented 88 device resources after synthesis - the final resource count might be different
    Info (21058): Implemented 15 input pins
    Info (21059): Implemented 46 output pins
    Info (21061): Implemented 27 logic cells
Info: Quartus Prime Analysis & Synthesis was successful. 0 errors, 83 warnings
    Info: Peak virtual memory: 4993 megabytes
    Info: Processing ended: Wed Nov 18 16:01:53 2020
    Info: Elapsed time: 00:01:23
    Info: Total CPU time (on all processors): 00:01:26


+------------------------------------------+
; Analysis & Synthesis Suppressed Messages ;
+------------------------------------------+
The suppressed messages can be found in U:/ELEC4720/simple-microprocessor/output_files/src.map.smsg.


